[debug] [2022-10-21T19:58:25.215Z] ----------------------------------------------------------------------
[debug] [2022-10-21T19:58:25.219Z] Command:       C:\Program Files\nodejs\node.exe C:\Users\macus\AppData\Roaming\npm\node_modules\firebase-tools\lib\bin\firebase.js init hosting
[debug] [2022-10-21T19:58:25.220Z] CLI Version:   11.15.0
[debug] [2022-10-21T19:58:25.221Z] Platform:      win32
[debug] [2022-10-21T19:58:25.221Z] Node Version:  v16.13.1
[debug] [2022-10-21T19:58:25.222Z] Time:          Fri Oct 21 2022 14:58:25 GMT-0500 (Central Daylight Time)
[debug] [2022-10-21T19:58:25.223Z] ----------------------------------------------------------------------
[debug] 
[debug] [2022-10-21T19:58:25.345Z] > command requires scopes: ["email","openid","https://www.googleapis.com/auth/cloudplatformprojects.readonly","https://www.googleapis.com/auth/firebase","https://www.googleapis.com/auth/cloud-platform"]
[debug] [2022-10-21T19:58:25.346Z] > authorizing via signed-in user (macusramirez@gmail.com)
[info] 
     ######## #### ########  ######## ########     ###     ######  ########
     ##        ##  ##     ## ##       ##     ##  ##   ##  ##       ##
     ######    ##  ########  ######   ########  #########  ######  ######
     ##        ##  ##    ##  ##       ##     ## ##     ##       ## ##
     ##       #### ##     ## ######## ########  ##     ##  ######  ########

You're about to initialize a Firebase project in this directory:

  C:\Users\macus\satchels-only

Before we get started, keep in mind:

  * You are initializing within an existing Firebase project directory

[info] 
=== Project Setup
[info] 
[info] First, let's associate this project directory with a Firebase project.
[info] You can create multiple project aliases by running firebase use --add, 
[info] but for now we'll just set up a default project.
[info] 
[debug] [2022-10-21T19:58:27.071Z] Using project from CLI flag: satchels-only
[debug] [2022-10-21T19:58:27.074Z] >>> [apiv2][query] GET https://firebase.googleapis.com/v1beta1/projects/satchels-only [none]
[debug] [2022-10-21T19:58:27.340Z] <<< [apiv2][status] GET https://firebase.googleapis.com/v1beta1/projects/satchels-only 200
[debug] [2022-10-21T19:58:27.340Z] <<< [apiv2][body] GET https://firebase.googleapis.com/v1beta1/projects/satchels-only {"projectId":"satchels-only","projectNumber":"383039468498","displayName":"satchels-only","name":"projects/satchels-only","resources":{"hostingSite":"satchels-only"},"state":"ACTIVE","etag":"1_9945b7d9-5ce8-40ce-9755-81d6c12fc70e"}
[info] i  Using project satchels-only (satchels-only) 
[info] 
=== Hosting Setup
[info] 
[info] Your public directory is the folder (relative to your project directory) that
[info] will contain Hosting assets to be uploaded with firebase deploy. If you
[info] have a build process for your assets, use your build's output directory.
[info] 
